\BOOKMARK [0][-]{chapter.1}{\376\377\000I\000n\000t\000r\000o\000d\000u\000c\000t\000i\000o\000n}{}% 1
\BOOKMARK [1][-]{section.1.1}{\376\377\000S\000c\000o\000p\000e\000\040\000o\000f\000\040\000s\000t\000u\000d\000y}{chapter.1}% 2
\BOOKMARK [1][-]{section.1.2}{\376\377\000S\000t\000r\000u\000c\000t\000u\000r\000e\000\040\000o\000f\000\040\000t\000h\000e\000s\000i\000s}{chapter.1}% 3
\BOOKMARK [0][-]{chapter.2}{\376\377\000T\000h\000e\000o\000r\000y}{}% 4
\BOOKMARK [1][-]{section.2.1}{\376\377\000S\000e\000i\000s\000m\000i\000c\000\040\000p\000r\000o\000c\000e\000s\000s\000i\000n\000g\000\040\000t\000h\000e\000o\000r\000y}{chapter.2}% 5
\BOOKMARK [2][-]{subsection.2.1.1}{\376\377\000M\000a\000t\000c\000h\000i\000n\000g\000\040\000p\000u\000r\000s\000u\000i\000t\000\040\000F\000o\000u\000r\000i\000e\000r\000\040\000i\000n\000t\000e\000r\000p\000o\000l\000a\000t\000i\000o\000n\000\040\000\050\000M\000P\000F\000I\000\051}{section.2.1}% 6
\BOOKMARK [2][-]{subsection.2.1.2}{\376\377\000T\000i\000m\000e\000\040\000d\000o\000m\000a\000i\000n\000\040\000R\000a\000d\000o\000n\000\040\000i\000n\000t\000e\000r\000p\000o\000l\000a\000t\000i\000o\000n\000\040\000\050\000T\000D\000R\000I\000\051}{section.2.1}% 7
\BOOKMARK [1][-]{section.2.2}{\376\377\000D\000e\000e\000p\000\040\000l\000e\000a\000r\000n\000i\000n\000g\000\040\000t\000h\000e\000o\000r\000y}{chapter.2}% 8
\BOOKMARK [2][-]{subsection.2.2.1}{\376\377\000I\000n\000t\000r\000o\000d\000u\000c\000t\000i\000o\000n\000\040\000t\000o\000\040\000d\000e\000e\000p\000\040\000l\000e\000a\000r\000n\000i\000n\000g}{section.2.2}% 9
\BOOKMARK [2][-]{subsection.2.2.2}{\376\377\000M\000o\000d\000e\000l\000\040\0001\000:\000\040\000G\000e\000n\000e\000r\000a\000t\000i\000v\000e\000\040\000A\000d\000v\000e\000r\000s\000a\000r\000i\000a\000l\000\040\000N\000e\000t\000w\000o\000r\000k\000\040\000\050\000G\000A\000N\000\051}{section.2.2}% 10
\BOOKMARK [2][-]{subsection.2.2.3}{\376\377\000I\000n\000t\000r\000o\000d\000u\000c\000t\000i\000o\000n\000\040\000t\000o\000\040\000V\000i\000s\000i\000o\000n\000\040\000T\000r\000a\000n\000s\000f\000o\000r\000m\000e\000r\000\040\000\050\000V\000i\000T\000\051}{section.2.2}% 11
\BOOKMARK [2][-]{subsection.2.2.4}{\376\377\000M\000o\000d\000e\000l\000\040\0002\000:\000\040\000S\000w\000i\000n\000\040\000T\000r\000a\000n\000s\000f\000o\000r\000m\000e\000r\000\040\000C\000o\000n\000v\000o\000l\000u\000t\000i\000o\000n\000a\000l\000\040\000R\000e\000s\000i\000d\000u\000a\000l\000\040\000N\000e\000t\000w\000o\000r\000k\000\040\000\050\000S\000C\000R\000N\000\051}{section.2.2}% 12
\BOOKMARK [2][-]{subsection.2.2.5}{\376\377\000M\000o\000d\000e\000l\000\040\0003\000:\000\040\000S\000w\000i\000n\000\040\000T\000r\000a\000n\000s\000f\000o\000r\000m\000e\000r\000\040\000C\000o\000n\000v\000o\000l\000u\000t\000i\000o\000n\000a\000l\000\040\000R\000e\000s\000i\000d\000u\000a\000l\000\040\000G\000e\000n\000e\000r\000a\000t\000i\000v\000e\000\040\000A\000d\000v\000e\000r\000s\000a\000r\000i\000a\000l\000\040\000N\000e\000t\000w\000o\000r\000k\000\040\000\050\000S\000C\000R\000-\000G\000A\000N\000\051}{section.2.2}% 13
\BOOKMARK [0][-]{chapter.3}{\376\377\000M\000e\000t\000h\000o\000d\000o\000l\000o\000g\000y}{}% 14
\BOOKMARK [1][-]{section.3.1}{\376\377\000D\000a\000t\000a\000\040\000p\000r\000e\000p\000a\000r\000a\000t\000i\000o\000n}{chapter.3}% 15
\BOOKMARK [2][-]{subsection.3.1.1}{\376\377\000S\000e\000i\000s\000m\000i\000c\000\040\000d\000a\000t\000a\000s\000e\000t\000s}{section.3.1}% 16
\BOOKMARK [2][-]{subsection.3.1.2}{\376\377\000D\000a\000t\000a\000\040\000s\000l\000i\000c\000i\000n\000g}{section.3.1}% 17
\BOOKMARK [1][-]{section.3.2}{\376\377\000M\000o\000d\000e\000l\000\040\000t\000r\000a\000i\000n\000i\000n\000g\000\040\000a\000n\000d\000\040\000v\000a\000l\000i\000d\000a\000t\000i\000o\000n}{chapter.3}% 18
\BOOKMARK [1][-]{section.3.3}{\376\377\000M\000o\000d\000e\000l\000\040\000e\000v\000a\000l\000u\000a\000t\000i\000o\000n\000\040\000m\000e\000t\000r\000i\000c\000s}{chapter.3}% 19
\BOOKMARK [1][-]{section.3.4}{\376\377\000M\000o\000d\000e\000l\000\040\000o\000p\000t\000i\000m\000i\000s\000a\000t\000i\000o\000n}{chapter.3}% 20
\BOOKMARK [2][-]{subsection.3.4.1}{\376\377\000G\000A\000N\000\040\000H\000y\000p\000e\000r\000-\000p\000a\000r\000a\000m\000e\000t\000e\000r\000s\000\040\000o\000p\000t\000i\000m\000i\000s\000a\000t\000i\000o\000n}{section.3.4}% 21
\BOOKMARK [2][-]{subsection.3.4.2}{\376\377\000S\000C\000R\000N\000\040\000h\000y\000p\000e\000r\000-\000p\000a\000r\000a\000m\000e\000t\000e\000r\000s\000\040\000o\000p\000t\000i\000m\000i\000s\000a\000t\000i\000o\000n}{section.3.4}% 22
\BOOKMARK [2][-]{subsection.3.4.3}{\376\377\000S\000C\000R\000N\000\040\000B\000l\000o\000c\000k\000\040\000c\000o\000n\000f\000i\000g\000u\000r\000a\000t\000i\000o\000n}{section.3.4}% 23
\BOOKMARK [0][-]{chapter.4}{\376\377\000R\000e\000s\000u\000l\000t\000s}{}% 24
\BOOKMARK [1][-]{section.4.1}{\376\377\000M\000o\000d\000e\000l\000\040\000p\000e\000r\000f\000o\000r\000m\000a\000n\000c\000e\000\040\000i\000n\000\040\000t\000e\000r\000m\000s\000\040\000o\000f\000\040\000e\000v\000a\000l\000u\000a\000t\000i\000o\000n\000\040\000m\000e\000t\000r\000i\000c\000s}{chapter.4}% 25
\BOOKMARK [1][-]{section.4.2}{\376\377\000I\000m\000a\000g\000e\000\040\000t\000r\000a\000n\000s\000l\000a\000t\000i\000o\000n\000\040\000r\000e\000s\000u\000l\000t\000s}{chapter.4}% 26
\BOOKMARK [2][-]{subsection.4.2.1}{\376\377\000G\000l\000o\000b\000a\000l\000\040\000r\000e\000s\000u\000l\000t\000\040\000e\000v\000a\000l\000u\000a\000t\000i\000o\000n}{section.4.2}% 27
\BOOKMARK [2][-]{subsection.4.2.2}{\376\377\000R\000e\000g\000i\000o\000n\000a\000l\000\040\000r\000e\000s\000u\000l\000t\000\040\000e\000v\000a\000l\000u\000a\000t\000i\000o\000n}{section.4.2}% 28
\BOOKMARK [0][-]{chapter.5}{\376\377\000D\000i\000s\000c\000u\000s\000s\000i\000o\000n}{}% 29
\BOOKMARK [1][-]{section.5.1}{\376\377\000C\000o\000m\000p\000a\000r\000i\000s\000o\000n\000\040\000o\000f\000\040\000G\000A\000N\000,\000\040\000S\000C\000R\000N\000\040\000a\000n\000d\000\040\000S\000C\000R\000-\000G\000A\000N}{chapter.5}% 30
\BOOKMARK [1][-]{section.5.2}{\376\377\000C\000o\000m\000p\000u\000t\000a\000t\000i\000o\000n\000a\000l\000\040\000t\000i\000m\000e\000\040\000i\000m\000p\000r\000o\000v\000e\000m\000e\000n\000t}{chapter.5}% 31
\BOOKMARK [1][-]{section.5.3}{\376\377\000L\000i\000m\000i\000t\000a\000t\000i\000o\000n\000s}{chapter.5}% 32
\BOOKMARK [2][-]{subsection.5.3.1}{\376\377\000G\000a\000r\000b\000a\000g\000e\000\040\000i\000n\000,\000\040\000g\000a\000r\000b\000a\000g\000e\000\040\000o\000u\000t}{section.5.3}% 33
\BOOKMARK [2][-]{subsection.5.3.2}{\376\377\000L\000i\000m\000i\000t\000e\000d\000\040\000d\000a\000t\000a\000,\000\040\000l\000i\000m\000i\000t\000e\000d\000\040\000g\000e\000n\000e\000r\000a\000l\000i\000s\000a\000t\000i\000o\000n}{section.5.3}% 34
\BOOKMARK [1][-]{section.5.4}{\376\377\000F\000u\000t\000u\000r\000e\000\040\000r\000e\000s\000e\000a\000r\000c\000h}{chapter.5}% 35
\BOOKMARK [2][-]{subsection.5.4.1}{\376\377\000I\000m\000p\000r\000o\000v\000e\000m\000e\000n\000t\000\040\000o\000n\000\040\000t\000h\000e\000\040\000S\000C\000R\000N\000\040\000m\000o\000d\000e\000l}{section.5.4}% 36
\BOOKMARK [2][-]{subsection.5.4.2}{\376\377\000L\000o\000w\000-\000t\000o\000-\000h\000i\000g\000h\000-\000q\000u\000a\000l\000i\000t\000y\000\040\000s\000e\000i\000s\000m\000i\000c\000\040\000i\000m\000a\000g\000e\000\040\000t\000r\000a\000n\000s\000l\000a\000t\000i\000o\000n\000\040\000o\000n\000\040\000o\000t\000h\000e\000r\000\040\000a\000p\000p\000l\000i\000c\000a\000t\000i\000o\000n\000s}{section.5.4}% 37
\BOOKMARK [0][-]{chapter.6}{\376\377\000C\000o\000n\000c\000l\000u\000s\000i\000o\000n}{}% 38
\BOOKMARK [0][-]{chapter.1}{\376\377\000A\000p\000p\000e\000n\000d\000i\000x}{}% 39
\BOOKMARK [1][-]{section.1.1}{\376\377\000D\000a\000t\000a\000\040\000m\000a\000n\000a\000g\000e\000m\000e\000n\000t\000\040\000p\000l\000a\000n}{chapter.1}% 40
\BOOKMARK [1][-]{section.1.2}{\376\377\000M\000o\000d\000e\000l\000\040\000a\000r\000c\000h\000i\000t\000e\000c\000t\000u\000r\000e}{chapter.1}% 41
\BOOKMARK [0][-]{figure.caption.63}{\376\377\000B\000i\000b\000l\000i\000o\000g\000r\000a\000p\000h\000y}{}% 42
\BOOKMARK [1][-]{section*.64}{\376\377\000R\000e\000f\000e\000r\000e\000n\000c\000e\000s}{figure.caption.63}% 43
